<?xml version="1.0" encoding="UTF-8"?>
<testsuite xmlns:xsi="http://www.w3.org/2001/XMLSchema-instance" xsi:noNamespaceSchemaLocation="https://maven.apache.org/surefire/maven-surefire-plugin/xsd/surefire-test-report-3.0.xsd" version="3.0" name="com.example.demo.Demo1ApplicationTests" time="17.472" tests="1" errors="0" skipped="0" failures="0">
  <properties>
[...]
</properties>
  <testcase name="contextLoads" classname="com.example.demo.Demo1ApplicationTests" time="1.101">
    <system-out><![CDATA[00:33:11.136 [main] INFO org.springframework.test.context.support.AnnotationConfigContextLoaderUtils -- Could not detect default configuration classes for test class [com.example.demo.Demo1ApplicationTests]: Demo1ApplicationTests does not declare any static, non-private, non-final, nested classes annotated with @Configuration.
00:33:11.411 [main] INFO org.springframework.boot.test.context.SpringBootTestContextBootstrapper -- Found @SpringBootConfiguration com.example.demo.Demo1Application for test class com.example.demo.Demo1ApplicationTests

  .   ____          _            __ _ _
 /\\ / ___'_ __ _ _(_)_ __  __ _ \ \ \ \
( ( )\___ | '_ | '_| | '_ \/ _` | \ \ \ \
 \\/  ___)| |_)| | | | | || (_| |  ) ) ) )
  '  |____| .__|_| |_|_| |_\__, | / / / /
 =========|_|==============|___/=/_/_/_/

 :: Spring Boot ::                (v3.3.3)

2024-09-12T00:33:12.456+03:00  INFO 1780 --- [demo1] [           main] com.example.demo.Demo1ApplicationTests   : Starting Demo1ApplicationTests using Java 21.0.4 with PID 1780 (started by HP in D:\filo folder\Final Speedo Transfer\demo1)
2024-09-12T00:33:12.460+03:00  INFO 1780 --- [demo1] [           main] com.example.demo.Demo1ApplicationTests   : No active profile set, falling back to 1 default profile: "default"
2024-09-12T00:33:15.100+03:00  INFO 1780 --- [demo1] [           main] .s.d.r.c.RepositoryConfigurationDelegate : Bootstrapping Spring Data JPA repositories in DEFAULT mode.
2024-09-12T00:33:15.272+03:00  INFO 1780 --- [demo1] [           main] .s.d.r.c.RepositoryConfigurationDelegate : Finished Spring Data repository scanning in 154 ms. Found 5 JPA repository interfaces.
2024-09-12T00:33:17.034+03:00  INFO 1780 --- [demo1] [           main] o.hibernate.jpa.internal.util.LogHelper  : HHH000204: Processing PersistenceUnitInfo [name: default]
2024-09-12T00:33:17.192+03:00  INFO 1780 --- [demo1] [           main] org.hibernate.Version                    : HHH000412: Hibernate ORM core version 6.5.2.Final
2024-09-12T00:33:17.272+03:00  INFO 1780 --- [demo1] [           main] o.h.c.internal.RegionFactoryInitiator    : HHH000026: Second-level cache disabled
2024-09-12T00:33:18.153+03:00  INFO 1780 --- [demo1] [           main] o.s.o.j.p.SpringPersistenceUnitInfo      : No LoadTimeWeaver setup: ignoring JPA class transformer
2024-09-12T00:33:18.228+03:00  INFO 1780 --- [demo1] [           main] com.zaxxer.hikari.HikariDataSource       : HikariPool-1 - Starting...
2024-09-12T00:33:18.727+03:00  INFO 1780 --- [demo1] [           main] com.zaxxer.hikari.pool.HikariPool        : HikariPool-1 - Added connection org.postgresql.jdbc.PgConnection@6a0e97fc
2024-09-12T00:33:18.731+03:00  INFO 1780 --- [demo1] [           main] com.zaxxer.hikari.HikariDataSource       : HikariPool-1 - Start completed.
2024-09-12T00:33:21.660+03:00  INFO 1780 --- [demo1] [           main] o.h.e.t.j.p.i.JtaPlatformInitiator       : HHH000489: No JTA platform available (set 'hibernate.transaction.jta.platform' to enable JTA platform integration)
Hibernate: alter table if exists account drop constraint if exists FKnnwpo0lfq4xai1rs6887sx02k
2024-09-12T00:33:21.709+03:00  WARN 1780 --- [demo1] [           main] o.h.engine.jdbc.spi.SqlExceptionHelper   : SQL Warning Code: 0, SQLState: 00000
2024-09-12T00:33:21.709+03:00  WARN 1780 --- [demo1] [           main] o.h.engine.jdbc.spi.SqlExceptionHelper   : relation "account" does not exist, skipping
Hibernate: alter table if exists account drop constraint if exists FKp3ik7ge25wc9t68tkx7ead1dh
2024-09-12T00:33:21.711+03:00  WARN 1780 --- [demo1] [           main] o.h.engine.jdbc.spi.SqlExceptionHelper   : SQL Warning Code: 0, SQLState: 00000
2024-09-12T00:33:21.712+03:00  WARN 1780 --- [demo1] [           main] o.h.engine.jdbc.spi.SqlExceptionHelper   : relation "account" does not exist, skipping
Hibernate: alter table if exists favourite drop constraint if exists FKteh9b61sybdxbagw5x1lufotc
2024-09-12T00:33:21.713+03:00  WARN 1780 --- [demo1] [           main] o.h.engine.jdbc.spi.SqlExceptionHelper   : SQL Warning Code: 0, SQLState: 00000
2024-09-12T00:33:21.713+03:00  WARN 1780 --- [demo1] [           main] o.h.engine.jdbc.spi.SqlExceptionHelper   : relation "favourite" does not exist, skipping
Hibernate: alter table if exists token drop constraint if exists FKke9j5rnuwqfkmnyyfa9k2p3ug
2024-09-12T00:33:21.715+03:00  WARN 1780 --- [demo1] [           main] o.h.engine.jdbc.spi.SqlExceptionHelper   : SQL Warning Code: 0, SQLState: 00000
2024-09-12T00:33:21.715+03:00  WARN 1780 --- [demo1] [           main] o.h.engine.jdbc.spi.SqlExceptionHelper   : relation "token" does not exist, skipping
Hibernate: alter table if exists transaction drop constraint if exists FK6g20fcr3bhr6bihgy24rq1r1b
2024-09-12T00:33:21.716+03:00  WARN 1780 --- [demo1] [           main] o.h.engine.jdbc.spi.SqlExceptionHelper   : SQL Warning Code: 0, SQLState: 00000
2024-09-12T00:33:21.717+03:00  WARN 1780 --- [demo1] [           main] o.h.engine.jdbc.spi.SqlExceptionHelper   : relation "transaction" does not exist, skipping
Hibernate: drop table if exists account cascade
2024-09-12T00:33:21.718+03:00  WARN 1780 --- [demo1] [           main] o.h.engine.jdbc.spi.SqlExceptionHelper   : SQL Warning Code: 0, SQLState: 00000
2024-09-12T00:33:21.718+03:00  WARN 1780 --- [demo1] [           main] o.h.engine.jdbc.spi.SqlExceptionHelper   : table "account" does not exist, skipping
Hibernate: drop table if exists customer cascade
2024-09-12T00:33:21.719+03:00  WARN 1780 --- [demo1] [           main] o.h.engine.jdbc.spi.SqlExceptionHelper   : SQL Warning Code: 0, SQLState: 00000
2024-09-12T00:33:21.719+03:00  WARN 1780 --- [demo1] [           main] o.h.engine.jdbc.spi.SqlExceptionHelper   : table "customer" does not exist, skipping
Hibernate: drop table if exists favourite cascade
2024-09-12T00:33:21.720+03:00  WARN 1780 --- [demo1] [           main] o.h.engine.jdbc.spi.SqlExceptionHelper   : SQL Warning Code: 0, SQLState: 00000
2024-09-12T00:33:21.720+03:00  WARN 1780 --- [demo1] [           main] o.h.engine.jdbc.spi.SqlExceptionHelper   : table "favourite" does not exist, skipping
Hibernate: drop table if exists token cascade
2024-09-12T00:33:21.721+03:00  WARN 1780 --- [demo1] [           main] o.h.engine.jdbc.spi.SqlExceptionHelper   : SQL Warning Code: 0, SQLState: 00000
2024-09-12T00:33:21.721+03:00  WARN 1780 --- [demo1] [           main] o.h.engine.jdbc.spi.SqlExceptionHelper   : table "token" does not exist, skipping
Hibernate: drop table if exists transaction cascade
2024-09-12T00:33:21.722+03:00  WARN 1780 --- [demo1] [           main] o.h.engine.jdbc.spi.SqlExceptionHelper   : SQL Warning Code: 0, SQLState: 00000
2024-09-12T00:33:21.723+03:00  WARN 1780 --- [demo1] [           main] o.h.engine.jdbc.spi.SqlExceptionHelper   : table "transaction" does not exist, skipping
Hibernate: drop sequence if exists favourite_seq
2024-09-12T00:33:21.724+03:00  WARN 1780 --- [demo1] [           main] o.h.engine.jdbc.spi.SqlExceptionHelper   : SQL Warning Code: 0, SQLState: 00000
2024-09-12T00:33:21.724+03:00  WARN 1780 --- [demo1] [           main] o.h.engine.jdbc.spi.SqlExceptionHelper   : sequence "favourite_seq" does not exist, skipping
Hibernate: drop sequence if exists token_seq
2024-09-12T00:33:21.725+03:00  WARN 1780 --- [demo1] [           main] o.h.engine.jdbc.spi.SqlExceptionHelper   : SQL Warning Code: 0, SQLState: 00000
2024-09-12T00:33:21.725+03:00  WARN 1780 --- [demo1] [           main] o.h.engine.jdbc.spi.SqlExceptionHelper   : sequence "token_seq" does not exist, skipping
Hibernate: create sequence favourite_seq start with 1 increment by 50
Hibernate: create sequence token_seq start with 1 increment by 50
Hibernate: create table account (active boolean not null, balance numeric(38,2) not null, created_at timestamp(6), customer_id bigint, id bigint generated by default as identity, main_customer_id bigint unique, updated_at timestamp(6), account_description varchar(255), account_name varchar(255), account_number varchar(255) not null unique, account_type varchar(255) not null check (account_type in ('SAVINGS','CURRENT')), currency varchar(255) not null check (currency in ('EGP','USD','EUR','GBP','SAR')), primary key (id))
Hibernate: create table customer (date_of_birth date not null, created_at timestamp(6), id bigint generated by default as identity, updated_at timestamp(6), country varchar(255) not null, email varchar(255) not null unique, name varchar(255) not null, password varchar(255) not null, primary key (id))
Hibernate: create table favourite (account_id bigint, id bigint not null, recipient_account varchar(255) not null, recipient_name varchar(255) not null, primary key (id))
Hibernate: create table token (expired boolean not null, revoked boolean not null, customer_id bigint unique, id bigint not null, token varchar(255), token_type varchar(255) check (token_type in ('BEARER')), primary key (id))
Hibernate: create table transaction (amount numeric(38,2) not null, success boolean not null, account_id bigint, created_at timestamp(6) not null, id bigint generated by default as identity, currency varchar(255) not null check (currency in ('EGP','USD','EUR','GBP','SAR')), recipient_account varchar(255) not null, recipient_name varchar(255) not null, sender_account varchar(255) not null, sender_name varchar(255) not null, primary key (id))
Hibernate: alter table if exists account add constraint FKnnwpo0lfq4xai1rs6887sx02k foreign key (customer_id) references customer
Hibernate: alter table if exists account add constraint FKp3ik7ge25wc9t68tkx7ead1dh foreign key (main_customer_id) references customer
Hibernate: alter table if exists favourite add constraint FKteh9b61sybdxbagw5x1lufotc foreign key (account_id) references account
Hibernate: alter table if exists token add constraint FKke9j5rnuwqfkmnyyfa9k2p3ug foreign key (customer_id) references customer
Hibernate: alter table if exists transaction add constraint FK6g20fcr3bhr6bihgy24rq1r1b foreign key (account_id) references account
2024-09-12T00:33:21.868+03:00  INFO 1780 --- [demo1] [           main] j.LocalContainerEntityManagerFactoryBean : Initialized JPA EntityManagerFactory for persistence unit 'default'
2024-09-12T00:33:23.188+03:00  INFO 1780 --- [demo1] [           main] eAuthenticationProviderManagerConfigurer : Global AuthenticationManager configured with AuthenticationProvider bean with name authenticationProvider
2024-09-12T00:33:23.190+03:00  WARN 1780 --- [demo1] [           main] r$InitializeUserDetailsManagerConfigurer : Global AuthenticationManager configured with an AuthenticationProvider bean. UserDetailsService beans will not be used for username/password login. Consider removing the AuthenticationProvider bean. Alternatively, consider using the UserDetailsService in a manually instantiated DaoAuthenticationProvider.
2024-09-12T00:33:23.570+03:00  WARN 1780 --- [demo1] [           main] JpaBaseConfiguration$JpaWebConfiguration : spring.jpa.open-in-view is enabled by default. Therefore, database queries may be performed during view rendering. Explicitly configure spring.jpa.open-in-view to disable this warning
2024-09-12T00:33:25.094+03:00  INFO 1780 --- [demo1] [           main] o.s.b.a.e.web.EndpointLinksResolver      : Exposing 14 endpoints beneath base path '/actuator'
2024-09-12T00:33:26.867+03:00  INFO 1780 --- [demo1] [           main] com.example.demo.Demo1ApplicationTests   : Started Demo1ApplicationTests in 15.089 seconds (process running for 17.474)
]]></system-out>
    <system-err><![CDATA[WARNING: A Java agent has been loaded dynamically (C:\Users\HP\.m2\repository\net\bytebuddy\byte-buddy-agent\1.14.19\byte-buddy-agent-1.14.19.jar)
WARNING: If a serviceability tool is in use, please run with -XX:+EnableDynamicAgentLoading to hide this warning
WARNING: If a serviceability tool is not in use, please run with -Djdk.instrument.traceUsage for more information
WARNING: Dynamic loading of agents will be disallowed by default in a future release
]]></system-err>
  </testcase>
</testsuite>